2023-12-15 15:46:55,942 - INFO - Connected to server at 127.0.0.1:33123
2023-12-15 15:47:02,858 - INFO - Data received: 400:295
2023-12-15 15:47:02,859 - INFO - Data received: 400:290
2023-12-15 15:47:02,876 - INFO - Data received: 400:285
2023-12-15 15:47:02,893 - INFO - Data received: 400:280
2023-12-15 15:47:02,910 - INFO - Data received: 400:275
2023-12-15 15:47:02,926 - INFO - Data received: 400:270
2023-12-15 15:47:02,942 - INFO - Data received: 400:265
2023-12-15 15:47:02,958 - INFO - Data received: 400:260
2023-12-15 15:47:02,975 - INFO - Data received: 400:255
2023-12-15 15:47:02,991 - INFO - Data received: 400:250
2023-12-15 15:47:03,008 - INFO - Data received: 400:245
2023-12-15 15:47:03,024 - INFO - Data received: 400:240
2023-12-15 15:47:03,040 - INFO - Data received: 400:235
2023-12-15 15:47:03,058 - INFO - Data received: 400:230
2023-12-15 15:47:03,073 - INFO - Data received: 400:225
2023-12-15 15:47:03,090 - INFO - Data received: 400:220
2023-12-15 15:47:03,107 - INFO - Data received: 400:215
2023-12-15 15:47:03,123 - INFO - Data received: 400:210
2023-12-15 15:47:03,139 - INFO - Data received: 400:205
2023-12-15 15:47:03,154 - INFO - Data received: 400:200
2023-12-15 15:47:03,171 - INFO - Data received: 400:195
2023-12-15 15:47:03,186 - INFO - Data received: 400:190
2023-12-15 15:47:03,211 - INFO - Data received: 395:190
2023-12-15 15:47:03,218 - INFO - Data received: 390:190
2023-12-15 15:47:03,234 - INFO - Data received: 385:190
2023-12-15 15:47:03,250 - INFO - Data received: 380:190
2023-12-15 15:47:03,267 - INFO - Data received: 375:190
2023-12-15 15:47:03,283 - INFO - Data received: 370:190
2023-12-15 15:47:03,300 - INFO - Data received: 365:190
2023-12-15 15:47:03,315 - INFO - Data received: 360:190
2023-12-15 15:47:03,331 - INFO - Data received: 355:190
2023-12-15 15:47:03,348 - INFO - Data received: 350:190
2023-12-15 15:47:03,363 - INFO - Data received: 345:190
2023-12-15 15:47:03,380 - INFO - Data received: 340:195
2023-12-15 15:47:03,396 - INFO - Data received: 335:200
2023-12-15 15:47:03,412 - INFO - Data received: 330:205
2023-12-15 15:47:03,428 - INFO - Data received: 325:210
2023-12-15 15:47:03,444 - INFO - Data received: 320:215
2023-12-15 15:47:03,460 - INFO - Data received: 315:220
2023-12-15 15:47:03,475 - INFO - Data received: 310:225
2023-12-15 15:47:03,491 - INFO - Data received: 305:225
2023-12-15 15:47:03,508 - INFO - Data received: 300:225
2023-12-15 15:47:03,525 - INFO - Data received: 295:225
2023-12-15 15:47:03,542 - INFO - Data received: 290:225
2023-12-15 15:47:03,559 - INFO - Data received: 285:225
2023-12-15 15:47:03,575 - INFO - Data received: 280:225
2023-12-15 15:47:03,592 - INFO - Data received: 275:225
2023-12-15 15:47:03,609 - INFO - Data received: 270:225
2023-12-15 15:47:03,625 - INFO - Data received: 270:225
2023-12-15 15:47:03,641 - INFO - Data received: 270:225
2023-12-15 15:47:03,658 - INFO - Data received: 270:225
2023-12-15 15:47:03,674 - INFO - Data received: 270:225
2023-12-15 15:47:03,690 - INFO - Data received: 270:225
2023-12-15 15:47:03,706 - INFO - Data received: 270:225
2023-12-15 15:47:03,724 - INFO - Data received: 270:225
2023-12-15 15:47:03,740 - INFO - Data received: 270:225
2023-12-15 15:47:03,756 - INFO - Data received: 270:225
2023-12-15 15:47:03,772 - INFO - Data received: 270:225
2023-12-15 15:47:03,789 - INFO - Data received: 275:230
2023-12-15 15:47:03,805 - INFO - Data received: 280:235
2023-12-15 15:47:03,823 - INFO - Data received: 280:235
2023-12-15 15:47:03,839 - INFO - Data received: 280:235
2023-12-15 15:47:03,857 - INFO - Data received: 280:235
2023-12-15 15:47:03,873 - INFO - Data received: 280:235
2023-12-15 15:47:03,889 - INFO - Data received: 280:235
2023-12-15 15:47:03,904 - INFO - Data received: 280:235
2023-12-15 15:47:03,921 - INFO - Data received: 280:235
2023-12-15 15:47:03,937 - INFO - Data received: 280:235
2023-12-15 15:47:03,953 - INFO - Data received: 280:235
2023-12-15 15:47:03,969 - INFO - Data received: 280:235
2023-12-15 15:47:03,985 - INFO - Data received: 280:235
2023-12-15 15:47:04,001 - INFO - Data received: 280:235
2023-12-15 15:47:04,018 - INFO - Data received: 280:235
2023-12-15 15:47:04,035 - INFO - Data received: 280:235
2023-12-15 15:47:04,050 - INFO - Data received: 280:235
2023-12-15 15:47:04,068 - INFO - Data received: 280:235
2023-12-15 15:47:04,084 - INFO - Data received: 280:235
2023-12-15 15:47:04,100 - INFO - Data received: 275:235
2023-12-15 15:47:04,117 - INFO - Data received: 270:235
2023-12-15 15:47:04,132 - INFO - Data received: 265:235
2023-12-15 15:47:04,149 - INFO - Data received: 260:235
2023-12-15 15:47:04,165 - INFO - Data received: 255:235
2023-12-15 15:47:04,181 - INFO - Data received: 250:235
2023-12-15 15:47:04,198 - INFO - Data received: 245:240
2023-12-15 15:47:04,215 - INFO - Data received: 245:245
2023-12-15 15:47:04,231 - INFO - Data received: 245:250
2023-12-15 15:47:04,247 - INFO - Data received: 245:255
2023-12-15 15:47:04,263 - INFO - Data received: 245:260
2023-12-15 15:47:04,279 - INFO - Data received: 245:265
2023-12-15 15:47:04,295 - INFO - Data received: 245:270
2023-12-15 15:47:04,312 - INFO - Data received: 245:275
2023-12-15 15:47:04,329 - INFO - Data received: 245:280
2023-12-15 15:47:04,345 - INFO - Data received: 245:285
2023-12-15 15:47:04,361 - INFO - Data received: 245:290
2023-12-15 15:47:04,377 - INFO - Data received: 245:295
2023-12-15 15:47:04,393 - INFO - Data received: 245:300
2023-12-15 15:47:04,410 - INFO - Data received: 245:305
2023-12-15 15:47:04,426 - INFO - Data received: 245:310
2023-12-15 15:47:04,442 - INFO - Data received: 245:315
2023-12-15 15:47:04,458 - INFO - Data received: 245:320
2023-12-15 15:47:04,475 - INFO - Data received: 250:325
2023-12-15 15:47:04,491 - INFO - Data received: 255:330
2023-12-15 15:47:04,508 - INFO - Data received: 260:335
2023-12-15 15:47:04,524 - INFO - Data received: 265:340
2023-12-15 15:47:04,540 - INFO - Data received: 270:345
2023-12-15 15:47:04,556 - INFO - Data received: 275:350
2023-12-15 15:47:04,572 - INFO - Data received: 280:355
2023-12-15 15:47:04,588 - INFO - Data received: 285:360
2023-12-15 15:47:04,605 - INFO - Data received: 290:365
2023-12-15 15:47:04,622 - INFO - Data received: 295:370
2023-12-15 15:47:04,638 - INFO - Data received: 300:375
2023-12-15 15:47:04,654 - INFO - Data received: 305:380
2023-12-15 15:47:04,671 - INFO - Data received: 310:380
2023-12-15 15:47:04,687 - INFO - Data received: 315:380
2023-12-15 15:47:04,704 - INFO - Data received: 320:380
2023-12-15 15:47:04,721 - INFO - Data received: 325:380
2023-12-15 15:47:04,738 - INFO - Data received: 330:380
2023-12-15 15:47:04,755 - INFO - Data received: 335:380
2023-12-15 15:47:04,772 - INFO - Data received: 340:380
2023-12-15 15:47:04,789 - INFO - Data received: 345:380
2023-12-15 15:47:04,807 - INFO - Data received: 350:375
2023-12-15 15:47:04,823 - INFO - Data received: 355:370
2023-12-15 15:47:04,840 - INFO - Data received: 360:365
2023-12-15 15:47:04,855 - INFO - Data received: 365:360
2023-12-15 15:47:04,871 - INFO - Data received: 370:355
2023-12-15 15:47:04,887 - INFO - Data received: 375:350
2023-12-15 15:47:04,904 - INFO - Data received: 380:345
2023-12-15 15:47:04,920 - INFO - Data received: 385:340
2023-12-15 15:47:04,937 - INFO - Data received: 385:335
2023-12-15 15:47:04,953 - INFO - Data received: 385:330
2023-12-15 15:51:23,682 - INFO - Connected to server at 127.0.0.1:33123
2023-12-15 15:51:32,954 - INFO - Data received: 400:295
2023-12-15 15:51:32,955 - INFO - Data received: 400:290
2023-12-15 15:51:32,973 - INFO - Data received: 400:285
2023-12-15 15:51:32,987 - INFO - Data received: 400:280
2023-12-15 15:51:33,004 - INFO - Data received: 400:275
2023-12-15 15:51:33,022 - INFO - Data received: 400:270
2023-12-15 15:51:33,039 - INFO - Data received: 400:265
2023-12-15 15:51:33,055 - INFO - Data received: 400:260
2023-12-15 15:51:33,073 - INFO - Data received: 400:255
2023-12-15 15:51:33,090 - INFO - Data received: 400:250
2023-12-15 15:51:33,105 - INFO - Data received: 395:245
2023-12-15 15:51:33,122 - INFO - Data received: 390:240
2023-12-15 15:51:33,139 - INFO - Data received: 385:240
2023-12-15 15:51:33,155 - INFO - Data received: 380:240
2023-12-15 15:51:33,171 - INFO - Data received: 375:240
2023-12-15 15:51:33,187 - INFO - Data received: 370:240
2023-12-15 15:51:33,203 - INFO - Data received: 365:240
2023-12-15 15:51:33,219 - INFO - Data received: 360:240
2023-12-15 15:51:33,235 - INFO - Data received: 355:240
2023-12-15 15:51:33,252 - INFO - Data received: 350:240
2023-12-15 15:51:33,268 - INFO - Data received: 345:240
2023-12-15 15:51:33,284 - INFO - Data received: 340:240
2023-12-15 15:51:33,300 - INFO - Data received: 335:240
2023-12-15 15:51:33,317 - INFO - Data received: 330:240
2023-12-15 15:51:33,333 - INFO - Data received: 325:235
2023-12-15 15:51:33,348 - INFO - Data received: 325:230
2023-12-15 15:51:33,365 - INFO - Data received: 325:225
2023-12-15 15:51:33,381 - INFO - Data received: 325:220
2023-12-15 15:51:33,398 - INFO - Data received: 325:215
2023-12-15 15:51:33,416 - INFO - Data received: 325:210
2023-12-15 15:51:33,433 - INFO - Data received: 325:205
2023-12-15 15:51:33,450 - INFO - Data received: 320:200
2023-12-15 15:51:33,466 - INFO - Data received: 315:200
2023-12-15 15:51:33,481 - INFO - Data received: 310:200
2023-12-15 15:51:33,497 - INFO - Data received: 305:200
2023-12-15 15:51:33,514 - INFO - Data received: 300:200
2023-12-15 15:51:33,530 - INFO - Data received: 295:200
2023-12-15 15:51:33,548 - INFO - Data received: 290:200
2023-12-15 15:51:33,564 - INFO - Data received: 285:200
2023-12-15 15:51:33,581 - INFO - Data received: 285:195
2023-12-15 15:51:33,598 - INFO - Data received: 290:190
2023-12-15 15:51:33,614 - INFO - Data received: 295:185
2023-12-15 15:51:33,630 - INFO - Data received: 300:180
2023-12-15 15:51:33,646 - INFO - Data received: 305:180
2023-12-15 15:51:33,662 - INFO - Data received: 300:180
2023-12-15 15:51:33,677 - INFO - Data received: 295:180
2023-12-15 15:51:33,694 - INFO - Data received: 290:180
2023-12-15 15:51:33,710 - INFO - Data received: 285:180
2023-12-15 15:51:33,727 - INFO - Data received: 280:180
2023-12-15 15:51:33,743 - INFO - Data received: 275:180
2023-12-15 15:51:33,760 - INFO - Data received: 270:180
2023-12-15 15:51:33,777 - INFO - Data received: 265:175
2023-12-15 15:51:33,793 - INFO - Data received: 265:170
2023-12-15 15:51:33,809 - INFO - Data received: 265:165
2023-12-15 15:51:33,825 - INFO - Data received: 265:160
2023-12-15 15:51:33,842 - INFO - Data received: 265:155
2023-12-15 15:51:33,858 - INFO - Data received: 265:150
2023-12-15 15:51:33,874 - INFO - Data received: 260:150
2023-12-15 15:51:33,889 - INFO - Data received: 255:150
2023-12-15 15:51:33,905 - INFO - Data received: 250:150
2023-12-15 15:51:33,923 - INFO - Data received: 245:150
2023-12-15 15:51:33,938 - INFO - Data received: 240:150
2023-12-15 15:51:33,955 - INFO - Data received: 235:150
2023-12-15 15:51:33,971 - INFO - Data received: 230:150
2023-12-15 15:51:33,987 - INFO - Data received: 225:150
2023-12-15 15:51:34,003 - INFO - Data received: 225:150
2023-12-15 15:51:34,019 - INFO - Data received: 225:150
2023-12-15 15:51:34,036 - INFO - Data received: 225:150
2023-12-15 15:51:34,052 - INFO - Data received: 225:150
2023-12-15 15:51:34,069 - INFO - Data received: 225:150
2023-12-15 15:51:34,085 - INFO - Data received: 225:150
2023-12-15 15:51:34,102 - INFO - Data received: 225:150
2023-12-15 15:51:34,119 - INFO - Data received: 230:150
2023-12-15 15:51:34,134 - INFO - Data received: 235:150
2023-12-15 15:51:34,151 - INFO - Data received: 240:150
2023-12-15 15:51:34,168 - INFO - Data received: 245:150
2023-12-15 15:51:34,183 - INFO - Data received: 250:150
2023-12-15 15:51:34,199 - INFO - Data received: 255:150
2023-12-15 15:51:34,215 - INFO - Data received: 260:150
2023-12-15 15:51:34,232 - INFO - Data received: 265:150
2023-12-15 15:51:34,249 - INFO - Data received: 270:150
2023-12-15 15:51:34,265 - INFO - Data received: 275:150
2023-12-15 15:51:34,281 - INFO - Data received: 280:150
2023-12-15 15:51:34,297 - INFO - Data received: 285:150
2023-12-15 15:51:34,313 - INFO - Data received: 290:150
2023-12-15 15:51:34,329 - INFO - Data received: 295:150
2023-12-15 15:51:34,345 - INFO - Data received: 300:150
2023-12-15 15:51:34,361 - INFO - Data received: 305:150
2023-12-15 15:51:34,377 - INFO - Data received: 310:150
2023-12-15 15:51:34,394 - INFO - Data received: 315:150
2023-12-15 15:51:34,410 - INFO - Data received: 320:150
2023-12-15 15:51:34,427 - INFO - Data received: 325:150
2023-12-15 15:51:34,443 - INFO - Data received: 330:150
2023-12-15 15:51:34,459 - INFO - Data received: 335:150
2023-12-15 15:51:34,475 - INFO - Data received: 340:150
2023-12-15 15:51:34,492 - INFO - Data received: 345:155
2023-12-15 15:51:34,509 - INFO - Data received: 350:160
2023-12-15 15:51:34,525 - INFO - Data received: 355:165
2023-12-15 15:51:34,541 - INFO - Data received: 360:170
2023-12-15 15:51:34,557 - INFO - Data received: 365:175
2023-12-15 15:51:34,573 - INFO - Data received: 370:180
2023-12-15 15:51:34,589 - INFO - Data received: 375:185
2023-12-15 15:51:34,606 - INFO - Data received: 380:190
2023-12-15 15:51:34,624 - INFO - Data received: 385:195
2023-12-15 15:51:34,639 - INFO - Data received: 390:200
2023-12-15 15:51:34,656 - INFO - Data received: 395:205
2023-12-15 15:51:34,672 - INFO - Data received: 400:210
2023-12-15 15:51:34,688 - INFO - Data received: 405:215
2023-12-15 15:51:34,704 - INFO - Data received: 410:220
2023-12-15 15:51:34,721 - INFO - Data received: 415:225
2023-12-15 15:51:34,737 - INFO - Data received: 420:230
2023-12-15 15:51:34,754 - INFO - Data received: 425:235
2023-12-15 15:51:34,772 - INFO - Data received: 430:240
2023-12-15 15:51:34,788 - INFO - Data received: 435:245
2023-12-15 15:51:34,804 - INFO - Data received: 440:250
2023-12-15 15:51:34,821 - INFO - Data received: 445:255
2023-12-15 15:51:34,837 - INFO - Data received: 450:260
2023-12-15 15:51:34,854 - INFO - Data received: 455:265
2023-12-15 15:51:34,870 - INFO - Data received: 460:270
2023-12-15 15:51:34,891 - INFO - Data received: 465:275
2023-12-15 15:51:34,904 - INFO - Data received: 470:280
2023-12-15 15:51:34,920 - INFO - Data received: 475:285
2023-12-15 15:51:34,936 - INFO - Data received: 480:290
2023-12-15 15:51:34,952 - INFO - Data received: 485:295
2023-12-15 15:51:34,968 - INFO - Data received: 490:300
2023-12-15 15:51:34,985 - INFO - Data received: 495:305
2023-12-15 15:51:35,002 - INFO - Data received: 500:310
2023-12-15 15:51:35,016 - INFO - Data received: 505:315
2023-12-15 15:51:35,033 - INFO - Data received: 500:320
2023-12-15 15:51:35,049 - INFO - Data received: 495:325
2023-12-15 15:51:35,065 - INFO - Data received: 490:330
2023-12-15 15:51:35,081 - INFO - Data received: 485:335
2023-12-15 15:51:35,098 - INFO - Data received: 480:340
2023-12-15 15:51:35,114 - INFO - Data received: 475:345
2023-12-15 15:51:35,132 - INFO - Data received: 470:350
2023-12-15 15:51:35,148 - INFO - Data received: 465:355
2023-12-15 15:51:35,165 - INFO - Data received: 460:360
2023-12-15 15:51:35,181 - INFO - Data received: 455:365
2023-12-15 15:51:35,197 - INFO - Data received: 450:370
2023-12-15 15:51:35,214 - INFO - Data received: 445:375
2023-12-15 15:51:35,230 - INFO - Data received: 445:380
2023-12-15 15:51:35,248 - INFO - Data received: 445:385
2023-12-15 15:51:35,264 - INFO - Data received: 445:390
2023-12-15 15:51:35,280 - INFO - Data received: 445:395
2023-12-15 15:51:35,296 - INFO - Data received: 445:400
2023-12-15 15:51:35,312 - INFO - Data received: 445:405
2023-12-15 15:51:35,329 - INFO - Data received: 445:410
2023-12-15 15:51:35,346 - INFO - Data received: 445:415
2023-12-15 15:51:35,362 - INFO - Data received: 445:420
2023-12-15 15:51:35,379 - INFO - Data received: 445:425
2023-12-15 15:51:35,394 - INFO - Data received: 445:430
2023-12-15 15:51:35,411 - INFO - Data received: 445:435
2023-12-15 15:51:35,428 - INFO - Data received: 450:440
2023-12-15 15:51:35,445 - INFO - Data received: 455:445
2023-12-15 15:51:35,461 - INFO - Data received: 460:450
2023-12-15 15:51:35,477 - INFO - Data received: 465:455
2023-12-15 15:51:35,493 - INFO - Data received: 470:460
2023-12-15 15:51:35,510 - INFO - Data received: 475:460
2023-12-15 15:51:35,526 - INFO - Data received: 480:460
2023-12-15 15:51:35,542 - INFO - Data received: 485:460
2023-12-15 15:51:35,560 - INFO - Data received: 490:460
2023-12-15 15:51:35,575 - INFO - Data received: 495:460
2023-12-15 15:51:35,592 - INFO - Data received: 500:460
2023-12-15 15:51:35,608 - INFO - Data received: 505:460
2023-12-15 15:51:35,623 - INFO - Data received: 510:460
2023-12-15 15:51:35,639 - INFO - Data received: 515:460
2023-12-15 15:51:35,655 - INFO - Data received: 520:460
2023-12-15 15:51:35,671 - INFO - Data received: 525:460
2023-12-15 15:51:35,687 - INFO - Data received: 530:460
2023-12-15 15:51:35,703 - INFO - Data received: 535:460
2023-12-15 15:51:35,720 - INFO - Data received: 540:460
2023-12-15 15:51:35,736 - INFO - Data received: 545:460
2023-12-15 15:51:35,752 - INFO - Data received: 550:455
2023-12-15 15:51:35,768 - INFO - Data received: 555:450
2023-12-15 15:51:35,785 - INFO - Data received: 560:445
2023-12-15 15:51:35,801 - INFO - Data received: 565:440
2023-12-15 15:51:35,817 - INFO - Data received: 570:435
2023-12-15 15:51:35,834 - INFO - Data received: 575:430
2023-12-15 15:51:35,850 - INFO - Data received: 580:425
2023-12-15 15:51:35,866 - INFO - Data received: 585:420
2023-12-15 15:51:35,882 - INFO - Data received: 590:415
2023-12-15 15:51:35,898 - INFO - Data received: 595:410
2023-12-15 15:51:35,914 - INFO - Data received: 600:405
2023-12-15 15:51:35,930 - INFO - Data received: 605:400
2023-12-15 15:51:35,947 - INFO - Data received: 610:395
2023-12-15 15:51:35,962 - INFO - Data received: 615:390
2023-12-15 15:51:35,979 - INFO - Data received: 620:385
2023-12-15 15:51:35,996 - INFO - Data received: 625:380
2023-12-15 15:51:36,013 - INFO - Data received: 630:375
2023-12-15 15:51:36,029 - INFO - Data received: 635:370
2023-12-15 15:51:36,045 - INFO - Data received: 640:365
2023-12-15 15:51:36,061 - INFO - Data received: 645:360
2023-12-15 15:51:36,078 - INFO - Data received: 650:355
2023-12-15 15:51:36,094 - INFO - Data received: 655:350
2023-12-15 15:51:36,109 - INFO - Data received: 660:345
2023-12-15 15:51:36,125 - INFO - Data received: 665:340
2023-12-15 15:51:36,142 - INFO - Data received: 670:335
2023-12-15 15:51:36,158 - INFO - Data received: 675:330
2023-12-15 15:51:36,174 - INFO - Data received: 680:325
2023-12-15 15:51:36,190 - INFO - Data received: 685:320
2023-12-15 15:51:36,206 - INFO - Data received: 690:315
2023-12-15 15:51:36,223 - INFO - Data received: 695:310
2023-12-15 15:51:36,239 - INFO - Data received: 700:305
2023-12-15 15:51:36,257 - INFO - Data received: 705:300
2023-12-15 15:51:36,273 - INFO - Data received: 710:295
2023-12-15 15:51:36,289 - INFO - Data received: 715:290
2023-12-15 15:51:36,305 - INFO - Data received: 720:285
2023-12-15 15:51:36,322 - INFO - Data received: 725:280
2023-12-15 15:51:36,339 - INFO - Data received: 730:275
2023-12-15 15:51:36,354 - INFO - Data received: 735:270
2023-12-15 15:51:36,370 - INFO - Data received: 740:265
2023-12-15 15:51:36,388 - INFO - Data received: 745:260
2023-12-15 15:51:36,405 - INFO - Data received: 740:255
2023-12-15 15:51:36,420 - INFO - Data received: 735:255
2023-12-15 15:51:36,436 - INFO - Data received: 730:255
2023-12-15 15:51:36,452 - INFO - Data received: 725:255
2023-12-15 15:51:36,468 - INFO - Data received: 720:255
2023-12-15 15:51:36,484 - INFO - Data received: 715:255
2023-12-15 15:51:36,502 - INFO - Data received: 710:255
2023-12-15 15:51:36,518 - INFO - Data received: 705:255
2023-12-15 15:51:36,533 - INFO - Data received: 700:255
2023-12-15 15:51:36,551 - INFO - Data received: 695:255
2023-12-15 15:51:36,567 - INFO - Data received: 690:255
2023-12-15 15:51:36,583 - INFO - Data received: 685:255
2023-12-15 15:51:36,600 - INFO - Data received: 680:255
2023-12-15 15:51:36,616 - INFO - Data received: 675:255
2023-12-15 15:51:36,632 - INFO - Data received: 670:255
2023-12-15 15:51:36,648 - INFO - Data received: 665:255
2023-12-15 15:51:36,664 - INFO - Data received: 660:255
2023-12-15 15:51:36,680 - INFO - Data received: 655:255
2023-12-15 15:51:36,697 - INFO - Data received: 650:255
2023-12-15 15:51:36,712 - INFO - Data received: 645:255
2023-12-15 15:51:36,728 - INFO - Data received: 640:255
2023-12-15 15:51:36,745 - INFO - Data received: 635:255
2023-12-15 15:51:36,762 - INFO - Data received: 630:255
2023-12-15 15:51:36,780 - INFO - Data received: 625:255
2023-12-15 15:51:36,796 - INFO - Data received: 620:255
2023-12-15 15:51:36,812 - INFO - Data received: 615:255
2023-12-15 15:51:36,828 - INFO - Data received: 610:255
2023-12-15 15:51:36,845 - INFO - Data received: 605:255
2023-12-15 15:51:36,861 - INFO - Data received: 600:255
2023-12-15 15:51:36,877 - INFO - Data received: 595:255
2023-12-15 15:51:36,894 - INFO - Data received: 590:255
2023-12-15 15:51:36,910 - INFO - Data received: 585:255
2023-12-15 15:51:36,926 - INFO - Data received: 580:255
2023-12-15 15:51:36,943 - INFO - Data received: 575:255
2023-12-15 15:51:36,960 - INFO - Data received: 570:250
2023-12-15 15:51:36,976 - INFO - Data received: 565:245
2023-12-15 15:51:36,993 - INFO - Data received: 560:240
2023-12-15 15:51:37,010 - INFO - Data received: 555:235
2023-12-15 15:51:37,024 - INFO - Data received: 550:230
2023-12-15 15:51:37,042 - INFO - Data received: 545:225
2023-12-15 15:51:37,058 - INFO - Data received: 540:220
2023-12-15 15:51:37,075 - INFO - Data received: 535:215
2023-12-15 15:51:37,092 - INFO - Data received: 530:210
2023-12-15 15:51:37,108 - INFO - Data received: 525:205
2023-12-15 15:51:37,124 - INFO - Data received: 520:200
2023-12-15 15:51:37,140 - INFO - Data received: 515:195
2023-12-15 15:51:37,157 - INFO - Data received: 510:190
2023-12-15 15:51:37,174 - INFO - Data received: 505:185
2023-12-15 15:51:37,189 - INFO - Data received: 500:180
2023-12-15 15:51:37,206 - INFO - Data received: 495:175
2023-12-15 15:51:37,222 - INFO - Data received: 490:170
2023-12-15 15:51:37,239 - INFO - Data received: 485:170
2023-12-15 15:53:00,812 - INFO - Data received: 480:170
2023-12-15 15:53:00,829 - INFO - Data received: 475:170
2023-12-15 15:53:00,845 - INFO - Data received: 470:170
2023-12-15 15:53:00,862 - INFO - Data received: 465:170
2023-12-15 15:53:00,878 - INFO - Data received: 460:170
2023-12-15 15:53:00,896 - INFO - Data received: 455:170
2023-12-15 15:53:00,911 - INFO - Data received: 450:170
2023-12-15 15:53:00,927 - INFO - Data received: 445:170
2023-12-15 15:53:00,943 - INFO - Data received: 440:170
2023-12-15 15:53:00,959 - INFO - Data received: 435:170
2023-12-15 15:53:00,974 - INFO - Data received: 430:170
2023-12-15 15:53:00,990 - INFO - Data received: 425:170
2023-12-15 15:53:01,006 - INFO - Data received: 420:170
2023-12-15 15:53:01,023 - INFO - Data received: 415:170
2023-12-15 15:53:01,039 - INFO - Data received: 410:170
2023-12-15 15:53:01,055 - INFO - Data received: 405:170
2023-12-15 15:53:01,072 - INFO - Data received: 400:170
2023-12-15 15:53:01,088 - INFO - Data received: 395:170
2023-12-15 15:53:01,116 - INFO - Data received: 390:170
2023-12-15 15:53:01,122 - INFO - Data received: 385:170
2023-12-15 15:53:01,140 - INFO - Data received: 380:170
2023-12-15 15:53:01,155 - INFO - Data received: 375:170
2023-12-15 15:53:01,171 - INFO - Data received: 370:170
2023-12-15 15:53:01,188 - INFO - Data received: 365:170
2023-12-15 15:53:01,205 - INFO - Data received: 360:170
2023-12-15 15:53:01,222 - INFO - Data received: 355:170
2023-12-15 15:53:01,238 - INFO - Data received: 350:170
2023-12-15 15:53:01,254 - INFO - Data received: 345:170
2023-12-15 15:53:01,272 - INFO - Data received: 340:170
2023-12-15 15:53:01,288 - INFO - Data received: 335:165
2023-12-15 15:53:01,304 - INFO - Data received: 330:160
2023-12-15 15:53:01,320 - INFO - Data received: 325:155
2023-12-15 15:53:01,336 - INFO - Data received: 320:150
2023-12-15 15:53:01,352 - INFO - Data received: 315:145
2023-12-15 15:53:01,367 - INFO - Data received: 310:140
2023-12-15 15:53:01,384 - INFO - Data received: 305:135
2023-12-15 15:53:01,400 - INFO - Data received: 300:130
2023-12-15 15:53:01,417 - INFO - Data received: 295:125
2023-12-15 15:53:01,435 - INFO - Data received: 290:120
2023-12-15 15:53:01,451 - INFO - Data received: 285:115
2023-12-15 15:53:01,467 - INFO - Data received: 280:110
2023-12-15 15:53:01,483 - INFO - Data received: 275:105
2023-12-15 15:53:01,499 - INFO - Data received: 270:100
2023-12-15 15:53:01,515 - INFO - Data received: 265:95
2023-12-15 15:53:01,531 - INFO - Data received: 260:90
2023-12-15 15:53:01,551 - INFO - Data received: 255:90
2023-12-15 15:53:01,563 - INFO - Data received: 250:90
2023-12-15 15:53:01,580 - INFO - Data received: 245:90
2023-12-15 15:53:01,596 - INFO - Data received: 240:90
2023-12-15 15:53:01,612 - INFO - Data received: 235:90
2023-12-15 15:53:01,628 - INFO - Data received: 230:90
2023-12-15 15:53:01,644 - INFO - Data received: 225:90
2023-12-15 15:53:01,661 - INFO - Data received: 220:90
2023-12-15 15:53:01,676 - INFO - Data received: 215:90
2023-12-15 15:53:01,692 - INFO - Data received: 210:90
2023-12-15 15:53:01,708 - INFO - Data received: 205:90
2023-12-15 15:53:01,724 - INFO - Data received: 200:90
2023-12-15 15:53:01,742 - INFO - Data received: 195:90
2023-12-15 15:53:01,759 - INFO - Data received: 190:90
2023-12-15 15:53:01,774 - INFO - Data received: 185:90
2023-12-15 15:53:01,800 - INFO - Data received: 180:90
2023-12-15 15:53:01,813 - INFO - Data received: 175:90
2023-12-15 15:53:01,834 - INFO - Data received: 170:90
2023-12-15 15:53:01,853 - INFO - Data received: 165:90
2023-12-15 15:53:01,862 - INFO - Data received: 160:90
2023-12-15 15:53:01,874 - INFO - Data received: 155:90
2023-12-15 15:53:01,891 - INFO - Data received: 150:90
2023-12-15 15:53:01,907 - INFO - Data received: 145:90
2023-12-15 15:53:01,924 - INFO - Data received: 140:90
2023-12-15 15:53:01,943 - INFO - Data received: 135:90
2023-12-15 15:53:01,956 - INFO - Data received: 130:90
2023-12-15 15:53:01,973 - INFO - Data received: 125:90
2023-12-15 15:53:01,990 - INFO - Data received: 120:90
2023-12-15 15:53:02,007 - INFO - Data received: 115:90
2023-12-15 15:53:02,023 - INFO - Data received: 110:90
2023-12-15 15:53:02,039 - INFO - Data received: 105:90
2023-12-15 15:53:02,055 - INFO - Data received: 100:90
2023-12-15 15:53:02,072 - INFO - Data received: 95:90
2023-12-15 15:53:02,089 - INFO - Data received: 90:90
2023-12-15 15:53:02,105 - INFO - Data received: 85:90
2023-12-15 15:53:02,121 - INFO - Data received: 80:90
2023-12-15 15:53:02,138 - INFO - Data received: 75:90
2023-12-15 15:53:02,154 - INFO - Data received: 70:90
2023-12-15 15:53:04,151 - INFO - Data received: 70:95
2023-12-15 15:53:04,167 - INFO - Data received: 70:100
2023-12-15 15:53:04,183 - INFO - Data received: 70:105
2023-12-15 15:53:04,200 - INFO - Data received: 70:110
2023-12-15 15:53:04,217 - INFO - Data received: 70:115
2023-12-15 15:53:04,233 - INFO - Data received: 70:120
2023-12-15 15:53:04,250 - INFO - Data received: 70:125
2023-12-15 15:53:04,266 - INFO - Data received: 70:130
2023-12-15 15:53:04,282 - INFO - Data received: 70:135
2023-12-15 15:53:04,299 - INFO - Data received: 70:140
2023-12-15 15:53:04,314 - INFO - Data received: 70:145
2023-12-15 15:53:04,331 - INFO - Data received: 70:150
2023-12-15 15:53:04,347 - INFO - Data received: 70:155
2023-12-15 15:53:04,364 - INFO - Data received: 70:160
2023-12-15 15:53:04,381 - INFO - Data received: 70:165
2023-12-15 15:53:04,396 - INFO - Data received: 70:170
2023-12-15 15:53:04,413 - INFO - Data received: 70:175
2023-12-15 15:53:04,429 - INFO - Data received: 70:180
2023-12-15 15:53:04,445 - INFO - Data received: 70:185
2023-12-15 15:53:04,462 - INFO - Data received: 70:190
2023-12-15 15:53:04,478 - INFO - Data received: 70:195
2023-12-15 15:53:04,494 - INFO - Data received: 70:200
2023-12-15 15:53:04,511 - INFO - Data received: 70:205
2023-12-15 15:53:04,527 - INFO - Data received: 70:210
2023-12-15 15:53:04,543 - INFO - Data received: 70:215
2023-12-15 15:53:04,559 - INFO - Data received: 70:220
2023-12-15 15:53:04,575 - INFO - Data received: 70:225
2023-12-15 15:53:04,591 - INFO - Data received: 70:230
2023-12-15 15:53:04,607 - INFO - Data received: 70:235
2023-12-15 15:53:04,622 - INFO - Data received: 70:240
2023-12-15 15:53:04,638 - INFO - Data received: 70:245
2023-12-15 15:53:04,655 - INFO - Data received: 70:250
2023-12-15 15:53:04,671 - INFO - Data received: 70:255
2023-12-15 15:53:04,688 - INFO - Data received: 70:260
2023-12-15 15:53:04,704 - INFO - Data received: 70:265
2023-12-15 15:53:04,725 - INFO - Data received: 70:270
2023-12-15 15:53:04,738 - INFO - Data received: 70:275
2023-12-15 15:53:04,754 - INFO - Data received: 70:280
2023-12-15 15:53:04,771 - INFO - Data received: 70:285
2023-12-15 15:53:04,787 - INFO - Data received: 70:290
2023-12-15 15:53:04,803 - INFO - Data received: 70:295
2023-12-15 15:53:04,819 - INFO - Data received: 70:300
2023-12-15 15:53:04,836 - INFO - Data received: 70:305
2023-12-15 15:53:04,852 - INFO - Data received: 70:310
2023-12-15 15:53:04,868 - INFO - Data received: 70:315
2023-12-15 15:53:04,885 - INFO - Data received: 70:320
2023-12-15 15:53:04,901 - INFO - Data received: 70:325
2023-12-15 15:53:04,917 - INFO - Data received: 70:330
2023-12-15 15:53:04,934 - INFO - Data received: 70:335
2023-12-15 15:53:04,950 - INFO - Data received: 70:340
2023-12-15 15:53:04,967 - INFO - Data received: 70:345
2023-12-15 15:53:04,984 - INFO - Data received: 70:350
2023-12-15 15:53:05,000 - INFO - Data received: 70:355
2023-12-15 15:53:05,016 - INFO - Data received: 70:360
2023-12-15 15:53:05,032 - INFO - Data received: 70:365
2023-12-15 15:53:05,050 - INFO - Data received: 70:370
2023-12-15 15:53:05,065 - INFO - Data received: 70:375
2023-12-15 15:53:05,083 - INFO - Data received: 70:380
2023-12-15 15:53:05,099 - INFO - Data received: 70:385
2023-12-15 15:53:05,116 - INFO - Data received: 70:390
2023-12-15 15:53:05,133 - INFO - Data received: 70:395
2023-12-15 15:53:05,150 - INFO - Data received: 70:400
2023-12-15 15:53:05,165 - INFO - Data received: 70:405
2023-12-15 15:53:05,181 - INFO - Data received: 70:410
2023-12-15 15:53:05,197 - INFO - Data received: 70:415
2023-12-15 15:53:05,214 - INFO - Data received: 70:420
2023-12-15 15:53:05,230 - INFO - Data received: 70:425
2023-12-15 15:53:05,247 - INFO - Data received: 70:430
2023-12-15 15:53:05,263 - INFO - Data received: 70:435
2023-12-15 15:53:05,280 - INFO - Data received: 70:440
2023-12-15 15:53:05,296 - INFO - Data received: 70:445
2023-12-15 15:53:05,312 - INFO - Data received: 70:450
2023-12-15 15:53:05,330 - INFO - Data received: 70:455
2023-12-15 15:53:05,346 - INFO - Data received: 70:460
2023-12-15 15:53:05,362 - INFO - Data received: 70:465
2023-12-15 15:53:05,378 - INFO - Data received: 70:470
2023-12-15 15:53:05,394 - INFO - Data received: 70:475
2023-12-15 15:53:05,412 - INFO - Data received: 70:480
2023-12-15 15:53:05,427 - INFO - Data received: 70:485
2023-12-15 15:53:05,444 - INFO - Data received: 70:490
2023-12-15 15:53:05,461 - INFO - Data received: 70:495
2023-12-15 15:53:05,477 - INFO - Data received: 70:500
2023-12-15 15:53:05,639 - INFO - Data received: 70:505
2023-12-15 15:53:05,642 - INFO - Data received: 70:510
2023-12-15 15:53:05,658 - INFO - Data received: 70:515
2023-12-15 15:53:05,674 - INFO - Data received: 70:520
2023-12-15 15:53:05,690 - INFO - Data received: 70:525
2023-12-15 15:53:05,706 - INFO - Data received: 70:530
2023-12-15 15:53:05,723 - INFO - Data received: 70:535
2023-12-15 15:53:05,739 - INFO - Data received: 70:540
2023-12-15 15:53:05,755 - INFO - Data received: 70:545
2023-12-15 15:53:05,772 - INFO - Data received: 70:550
2023-12-15 15:53:05,788 - INFO - Data received: 70:555
2023-12-15 15:53:18,690 - ERROR - Failed to connect to server: [Errno 61] Connection refused
2023-12-15 15:53:18,692 - INFO - Player position saved
2023-12-15 15:53:18,798 - INFO - Client successfully closed
2023-12-15 15:53:18,798 - ERROR - Error in receiving data: [Errno 9] Bad file descriptor
2023-12-15 15:53:45,021 - INFO - Player position loaded
2023-12-15 15:53:45,021 - ERROR - Failed to connect to server: [Errno 61] Connection refused
2023-12-15 15:53:45,022 - INFO - Player position saved
2023-12-15 15:53:45,120 - ERROR - Error in receiving data: [Errno 9] Bad file descriptor
2023-12-15 15:53:45,120 - INFO - Client successfully closed
2023-12-15 15:57:50,778 - INFO - Player position loaded
2023-12-15 15:57:50,779 - INFO - Connected to server at 127.0.0.1:33123
2023-12-15 15:57:56,517 - INFO - Data received: 405:300
2023-12-15 15:57:56,517 - INFO - Data received: 410:300
2023-12-15 15:57:56,533 - INFO - Data received: 415:300
2023-12-15 15:57:56,550 - INFO - Data received: 420:300
2023-12-15 15:57:56,566 - INFO - Data received: 425:300
2023-12-15 15:57:56,581 - INFO - Data received: 430:300
2023-12-15 15:57:56,597 - INFO - Data received: 435:300
2023-12-15 15:57:56,614 - INFO - Data received: 440:300
2023-12-15 15:57:56,631 - INFO - Data received: 445:300
2023-12-15 15:57:56,648 - INFO - Data received: 450:300
2023-12-15 15:57:56,664 - INFO - Data received: 455:300
2023-12-15 15:57:56,681 - INFO - Data received: 460:300
2023-12-15 15:57:56,699 - INFO - Data received: 465:305
2023-12-15 15:57:56,714 - INFO - Data received: 470:310
2023-12-15 15:57:56,731 - INFO - Data received: 475:315
2023-12-15 15:57:56,748 - INFO - Data received: 480:320
2023-12-15 15:57:56,763 - INFO - Data received: 485:325
2023-12-15 15:57:56,779 - INFO - Data received: 490:330
2023-12-15 15:57:56,796 - INFO - Data received: 495:335
2023-12-15 15:57:56,813 - INFO - Data received: 500:340
2023-12-15 15:57:56,830 - INFO - Data received: 505:345
2023-12-15 15:57:56,847 - INFO - Data received: 500:345
2023-12-15 15:57:56,863 - INFO - Data received: 495:345
2023-12-15 15:57:56,879 - INFO - Data received: 490:345
2023-12-15 15:57:56,896 - INFO - Data received: 485:345
2023-12-15 15:57:56,912 - INFO - Data received: 480:345
2023-12-15 15:57:56,929 - INFO - Data received: 475:345
2023-12-15 15:57:56,945 - INFO - Data received: 470:345
2023-12-15 15:57:56,961 - INFO - Data received: 465:345
2023-12-15 15:57:56,978 - INFO - Data received: 460:345
2023-12-15 15:57:56,994 - INFO - Data received: 455:345
2023-12-15 15:57:57,009 - INFO - Data received: 450:345
2023-12-15 15:57:57,026 - INFO - Data received: 445:345
2023-12-15 15:57:57,043 - INFO - Data received: 440:345
2023-12-15 15:57:57,059 - INFO - Data received: 435:345
2023-12-15 15:57:57,076 - INFO - Data received: 430:340
2023-12-15 15:57:57,092 - INFO - Data received: 425:335
2023-12-15 15:57:57,109 - INFO - Data received: 420:330
2023-12-15 15:57:57,126 - INFO - Data received: 415:325
2023-12-15 15:57:57,144 - INFO - Data received: 410:320
2023-12-15 15:57:57,161 - INFO - Data received: 405:315
2023-12-15 15:57:57,178 - INFO - Data received: 400:310
2023-12-15 15:57:57,194 - INFO - Data received: 395:305
2023-12-15 15:57:57,210 - INFO - Data received: 390:300
2023-12-15 15:57:57,226 - INFO - Data received: 385:295
2023-12-15 15:57:57,242 - INFO - Data received: 380:290
2023-12-15 15:57:57,258 - INFO - Data received: 375:285
2023-12-15 15:57:57,273 - INFO - Data received: 370:280
2023-12-15 15:57:57,291 - INFO - Data received: 365:275
2023-12-15 15:57:57,307 - INFO - Data received: 360:270
2023-12-15 15:57:57,324 - INFO - Data received: 355:265
2023-12-15 15:57:57,340 - INFO - Data received: 350:260
2023-12-15 15:57:57,357 - INFO - Data received: 345:255
2023-12-15 15:57:57,373 - INFO - Data received: 340:250
2023-12-15 15:57:57,390 - INFO - Data received: 335:245
2023-12-15 15:57:57,406 - INFO - Data received: 330:240
2023-12-15 15:57:57,422 - INFO - Data received: 325:240
2023-12-15 15:57:57,438 - INFO - Data received: 320:240
2023-12-15 15:57:57,455 - INFO - Data received: 315:240
2023-12-15 15:57:57,471 - INFO - Data received: 310:240
2023-12-15 15:57:57,488 - INFO - Data received: 305:240
2023-12-15 15:57:57,506 - INFO - Data received: 300:240
2023-12-15 15:57:57,522 - INFO - Data received: 295:240
2023-12-15 15:57:57,539 - INFO - Data received: 290:240
2023-12-15 15:57:57,556 - INFO - Data received: 285:240
2023-12-15 15:57:57,572 - INFO - Data received: 280:240
2023-12-15 15:57:57,589 - INFO - Data received: 275:240
2023-12-15 15:57:57,606 - INFO - Data received: 270:245
2023-12-15 15:57:57,622 - INFO - Data received: 265:250
2023-12-15 15:57:57,639 - INFO - Data received: 260:255
2023-12-15 15:57:57,656 - INFO - Data received: 255:260
2023-12-15 15:57:57,672 - INFO - Data received: 250:265
2023-12-15 15:57:57,688 - INFO - Data received: 245:270
2023-12-15 15:57:57,704 - INFO - Data received: 240:275
2023-12-15 15:57:57,721 - INFO - Data received: 235:280
2023-12-15 15:57:57,737 - INFO - Data received: 230:285
2023-12-15 15:57:57,752 - INFO - Data received: 225:290
2023-12-15 15:57:57,768 - INFO - Data received: 220:295
2023-12-15 15:57:57,785 - INFO - Data received: 215:300
2023-12-15 15:57:57,802 - INFO - Data received: 210:305
2023-12-15 15:57:57,818 - INFO - Data received: 205:310
2023-12-15 15:57:57,834 - INFO - Data received: 200:315
2023-12-15 15:57:57,850 - INFO - Data received: 195:320
2023-12-15 15:57:57,865 - INFO - Data received: 190:325
2023-12-15 15:57:57,881 - INFO - Data received: 190:330
2023-12-15 15:57:57,897 - INFO - Data received: 190:335
2023-12-15 15:57:57,914 - INFO - Data received: 190:340
2023-12-15 15:57:57,930 - INFO - Data received: 190:345
2023-12-15 15:57:57,947 - INFO - Data received: 190:350
2023-12-15 15:57:57,964 - INFO - Data received: 190:355
2023-12-15 15:57:57,982 - INFO - Data received: 190:360
2023-12-15 15:57:57,999 - INFO - Data received: 190:365
2023-12-15 15:57:58,016 - INFO - Data received: 190:370
2023-12-15 15:57:58,032 - INFO - Data received: 190:375
2023-12-15 15:57:58,048 - INFO - Data received: 190:380
2023-12-15 15:57:58,065 - INFO - Data received: 190:385
2023-12-15 15:57:58,081 - INFO - Data received: 190:390
2023-12-15 15:57:58,097 - INFO - Data received: 190:395
2023-12-15 15:57:58,113 - INFO - Data received: 195:400
2023-12-15 15:57:58,129 - INFO - Data received: 200:405
2023-12-15 15:57:58,145 - INFO - Data received: 205:410
2023-12-15 15:57:58,162 - INFO - Data received: 210:415
2023-12-15 15:57:58,178 - INFO - Data received: 215:420
2023-12-15 15:57:58,195 - INFO - Data received: 220:425
2023-12-15 15:57:58,211 - INFO - Data received: 225:430
2023-12-15 15:57:58,228 - INFO - Data received: 230:435
2023-12-15 15:57:58,244 - INFO - Data received: 235:440
2023-12-15 15:57:58,261 - INFO - Data received: 240:445
2023-12-15 15:57:58,278 - INFO - Data received: 245:450
2023-12-15 15:57:58,296 - INFO - Data received: 250:455
2023-12-15 15:57:58,312 - INFO - Data received: 255:460
2023-12-15 15:57:58,329 - INFO - Data received: 260:465
2023-12-15 15:57:58,345 - INFO - Data received: 265:470
2023-12-15 15:57:58,360 - INFO - Data received: 270:475
2023-12-15 15:57:58,376 - INFO - Data received: 275:480
2023-12-15 15:57:58,393 - INFO - Data received: 280:485
2023-12-15 15:57:58,409 - INFO - Data received: 285:490
2023-12-15 15:57:58,425 - INFO - Data received: 290:495
2023-12-15 15:57:58,441 - INFO - Data received: 295:500
2023-12-15 15:57:58,457 - INFO - Data received: 300:505
2023-12-15 15:57:58,472 - INFO - Data received: 305:510
2023-12-15 15:57:58,488 - INFO - Data received: 310:515
2023-12-15 15:57:58,504 - INFO - Data received: 315:520
2023-12-15 15:57:58,521 - INFO - Data received: 320:525
2023-12-15 15:57:58,538 - INFO - Data received: 325:530
2023-12-15 15:57:58,553 - INFO - Data received: 330:530
2023-12-15 15:57:58,569 - INFO - Data received: 335:530
2023-12-15 15:57:58,586 - INFO - Data received: 340:530
2023-12-15 15:57:58,602 - INFO - Data received: 345:530
2023-12-15 15:57:58,619 - INFO - Data received: 350:530
2023-12-15 15:57:58,634 - INFO - Data received: 355:530
2023-12-15 15:57:58,649 - INFO - Data received: 360:530
2023-12-15 15:57:58,666 - INFO - Data received: 365:530
2023-12-15 15:57:58,683 - INFO - Data received: 370:530
2023-12-15 15:57:58,701 - INFO - Data received: 375:530
2023-12-15 15:57:58,717 - INFO - Data received: 380:530
2023-12-15 15:57:58,735 - INFO - Data received: 385:530
2023-12-15 15:57:58,751 - INFO - Data received: 390:530
2023-12-15 15:57:58,768 - INFO - Data received: 395:530
2023-12-15 15:57:58,784 - INFO - Data received: 400:530
2023-12-15 15:57:58,799 - INFO - Data received: 405:530
2023-12-15 15:57:58,816 - INFO - Data received: 410:530
2023-12-15 15:57:58,833 - INFO - Data received: 415:530
2023-12-15 15:57:58,849 - INFO - Data received: 420:530
2023-12-15 15:57:58,867 - INFO - Data received: 425:530
2023-12-15 15:57:58,883 - INFO - Data received: 430:530
2023-12-15 15:57:58,900 - INFO - Data received: 435:530
2023-12-15 15:57:58,916 - INFO - Data received: 440:530
2023-12-15 15:57:58,933 - INFO - Data received: 445:530
2023-12-15 15:57:58,949 - INFO - Data received: 450:530
2023-12-15 15:57:58,964 - INFO - Data received: 455:530
2023-12-15 15:57:58,981 - INFO - Data received: 460:530
2023-12-15 15:57:58,997 - INFO - Data received: 465:530
2023-12-15 15:57:59,014 - INFO - Data received: 470:530
2023-12-15 15:57:59,029 - INFO - Data received: 475:530
2023-12-15 15:57:59,046 - INFO - Data received: 480:530
2023-12-15 15:57:59,062 - INFO - Data received: 485:530
2023-12-15 15:57:59,078 - INFO - Data received: 490:530
2023-12-15 15:57:59,095 - INFO - Data received: 495:530
2023-12-15 15:57:59,111 - INFO - Data received: 500:530
2023-12-15 15:57:59,127 - INFO - Data received: 505:530
2023-12-15 15:57:59,145 - INFO - Data received: 510:530
2023-12-15 15:57:59,160 - INFO - Data received: 515:530
2023-12-15 15:57:59,176 - INFO - Data received: 520:530
2023-12-15 15:57:59,193 - INFO - Data received: 525:530
2023-12-15 15:57:59,210 - INFO - Data received: 530:530
2023-12-15 15:57:59,227 - INFO - Data received: 535:530
2023-12-15 15:57:59,244 - INFO - Data received: 540:530
2023-12-15 15:57:59,261 - INFO - Data received: 545:530
2023-12-15 15:57:59,278 - INFO - Data received: 550:530
2023-12-15 15:57:59,293 - INFO - Data received: 555:530
2023-12-15 15:57:59,309 - INFO - Data received: 560:530
2023-12-15 15:57:59,326 - INFO - Data received: 565:530
2023-12-15 15:57:59,342 - INFO - Data received: 570:530
2023-12-15 15:57:59,358 - INFO - Data received: 575:530
2023-12-15 15:57:59,374 - INFO - Data received: 580:530
2023-12-15 15:57:59,390 - INFO - Data received: 585:530
2023-12-15 15:57:59,406 - INFO - Data received: 590:530
2023-12-15 15:57:59,422 - INFO - Data received: 595:530
2023-12-15 15:57:59,439 - INFO - Data received: 600:530
2023-12-15 15:57:59,455 - INFO - Data received: 605:530
2023-12-15 15:57:59,471 - INFO - Data received: 610:530
2023-12-15 15:57:59,488 - INFO - Data received: 615:530
2023-12-15 15:57:59,505 - INFO - Data received: 620:530
2023-12-15 15:57:59,522 - INFO - Data received: 625:530
2023-12-15 15:57:59,538 - INFO - Data received: 630:530
2023-12-15 15:57:59,553 - INFO - Data received: 635:530
2023-12-15 15:57:59,570 - INFO - Data received: 640:530
2023-12-15 15:57:59,587 - INFO - Data received: 645:530
2023-12-15 15:57:59,604 - INFO - Data received: 650:530
2023-12-15 15:57:59,620 - INFO - Data received: 655:530
2023-12-15 15:57:59,635 - INFO - Data received: 660:530
2023-12-15 15:57:59,652 - INFO - Data received: 665:530
2023-12-15 15:57:59,668 - INFO - Data received: 670:530
2023-12-15 15:57:59,685 - INFO - Data received: 675:530
2023-12-15 15:57:59,702 - INFO - Data received: 680:530
2023-12-15 15:57:59,717 - INFO - Data received: 685:530
2023-12-15 15:57:59,733 - INFO - Data received: 690:530
2023-12-15 15:57:59,750 - INFO - Data received: 695:530
2023-12-15 15:57:59,766 - INFO - Data received: 700:530
2023-12-15 15:57:59,782 - INFO - Data received: 705:530
2023-12-15 15:57:59,797 - INFO - Data received: 710:530
2023-12-15 15:57:59,815 - INFO - Data received: 715:530
2023-12-15 15:57:59,831 - INFO - Data received: 720:530
2023-12-15 15:57:59,847 - INFO - Data received: 725:530
2023-12-15 15:57:59,863 - INFO - Data received: 730:530
2023-12-15 15:57:59,878 - INFO - Data received: 735:530
2023-12-15 15:58:24,570 - INFO - Player position loaded
2023-12-15 15:58:24,570 - INFO - Connected to server at 127.0.0.1:33123
2023-12-15 16:01:13,409 - INFO - Player position loaded
2023-12-15 16:01:13,410 - INFO - Connected to server at 127.0.0.1:33123
2023-12-15 16:01:18,517 - INFO - Data received: 405:300
2023-12-15 16:01:18,518 - INFO - Data received: 410:300
2023-12-15 16:01:18,535 - INFO - Data received: 415:300
2023-12-15 16:01:18,551 - INFO - Data received: 420:300
2023-12-15 16:01:18,569 - INFO - Data received: 425:300
2023-12-15 16:01:18,584 - INFO - Data received: 430:300
2023-12-15 16:01:18,600 - INFO - Data received: 435:300
2023-12-15 16:01:18,616 - INFO - Data received: 440:300
2023-12-15 16:01:18,632 - INFO - Data received: 445:300
2023-12-15 16:01:18,649 - INFO - Data received: 450:300
2023-12-15 16:01:18,666 - INFO - Data received: 455:300
2023-12-15 16:01:18,683 - INFO - Data received: 460:295
2023-12-15 16:01:18,698 - INFO - Data received: 465:290
2023-12-15 16:01:18,714 - INFO - Data received: 470:285
2023-12-15 16:01:18,731 - INFO - Data received: 475:280
2023-12-15 16:01:18,747 - INFO - Data received: 480:275
2023-12-15 16:01:18,764 - INFO - Data received: 480:270
2023-12-15 16:01:18,781 - INFO - Data received: 480:265
2023-12-15 16:01:18,797 - INFO - Data received: 475:260
2023-12-15 16:01:18,813 - INFO - Data received: 470:255
2023-12-15 16:01:18,829 - INFO - Data received: 465:255
2023-12-15 16:01:18,845 - INFO - Data received: 460:255
2023-12-15 16:01:18,862 - INFO - Data received: 455:255
2023-12-15 16:01:18,878 - INFO - Data received: 450:255
2023-12-15 16:01:18,895 - INFO - Data received: 445:255
2023-12-15 16:01:18,911 - INFO - Data received: 440:255
2023-12-15 16:01:18,927 - INFO - Data received: 440:255
2023-12-15 16:01:18,944 - INFO - Data received: 440:255
2023-12-15 16:01:18,959 - INFO - Data received: 440:255
2023-12-15 16:01:18,975 - INFO - Data received: 440:255
2023-12-15 16:01:18,991 - INFO - Data received: 440:255
2023-12-15 16:01:19,007 - INFO - Data received: 440:255
2023-12-15 16:01:19,024 - INFO - Data received: 440:255
2023-12-15 16:01:19,042 - INFO - Data received: 440:255
2023-12-15 16:01:19,060 - INFO - Data received: 445:250
2023-12-15 16:01:19,076 - INFO - Data received: 450:245
2023-12-15 16:01:19,092 - INFO - Data received: 455:240
2023-12-15 16:01:19,109 - INFO - Data received: 460:235
2023-12-15 16:01:19,126 - INFO - Data received: 465:230
2023-12-15 16:01:19,142 - INFO - Data received: 470:225
2023-12-15 16:01:19,159 - INFO - Data received: 475:220
2023-12-15 16:01:19,175 - INFO - Data received: 480:215
2023-12-15 16:01:19,192 - INFO - Data received: 480:215
2023-12-15 16:01:19,207 - INFO - Data received: 480:215
2023-12-15 16:01:19,223 - INFO - Data received: 480:215
2023-12-15 16:01:19,239 - INFO - Data received: 480:215
2023-12-15 16:01:19,255 - INFO - Data received: 480:215
2023-12-15 16:01:19,271 - INFO - Data received: 480:215
2023-12-15 16:01:19,288 - INFO - Data received: 485:220
2023-12-15 16:01:19,303 - INFO - Data received: 490:225
2023-12-15 16:01:19,320 - INFO - Data received: 495:230
2023-12-15 16:01:19,336 - INFO - Data received: 500:235
2023-12-15 16:01:19,352 - INFO - Data received: 505:240
2023-12-15 16:01:19,368 - INFO - Data received: 510:245
2023-12-15 16:01:19,384 - INFO - Data received: 515:250
2023-12-15 16:01:19,401 - INFO - Data received: 520:255
2023-12-15 16:01:19,417 - INFO - Data received: 525:260
2023-12-15 16:01:19,433 - INFO - Data received: 530:265
2023-12-15 16:01:19,450 - INFO - Data received: 535:270
2023-12-15 16:01:19,467 - INFO - Data received: 540:275
2023-12-15 16:01:19,482 - INFO - Data received: 545:280
2023-12-15 16:01:19,499 - INFO - Data received: 550:285
2023-12-15 16:01:19,516 - INFO - Data received: 555:290
2023-12-15 16:01:19,532 - INFO - Data received: 560:295
2023-12-15 16:01:19,549 - INFO - Data received: 565:300
2023-12-15 16:01:19,566 - INFO - Data received: 570:305
2023-12-15 16:01:19,582 - INFO - Data received: 575:310
2023-12-15 16:01:19,599 - INFO - Data received: 580:315
2023-12-15 16:01:19,616 - INFO - Data received: 585:320
2023-12-15 16:01:19,632 - INFO - Data received: 590:325
2023-12-15 16:01:19,649 - INFO - Data received: 595:330
2023-12-15 16:01:19,666 - INFO - Data received: 600:335
2023-12-15 16:01:19,682 - INFO - Data received: 605:340
2023-12-15 16:01:19,698 - INFO - Data received: 610:345
2023-12-15 16:01:19,714 - INFO - Data received: 615:350
2023-12-15 16:01:19,730 - INFO - Data received: 620:355
2023-12-15 16:01:19,747 - INFO - Data received: 625:360
2023-12-15 16:01:19,763 - INFO - Data received: 630:365
2023-12-15 16:01:19,780 - INFO - Data received: 635:370
2023-12-15 16:01:19,797 - INFO - Data received: 640:375
2023-12-15 16:01:19,813 - INFO - Data received: 645:380
2023-12-15 16:01:19,830 - INFO - Data received: 650:385
2023-12-15 16:01:19,846 - INFO - Data received: 655:390
2023-12-15 16:01:19,862 - INFO - Data received: 660:395
2023-12-15 16:01:19,879 - INFO - Data received: 665:400
2023-12-15 16:01:19,895 - INFO - Data received: 670:405
2023-12-15 16:01:19,912 - INFO - Data received: 675:410
2023-12-15 16:01:19,929 - INFO - Data received: 680:415
2023-12-15 16:01:19,946 - INFO - Data received: 685:420
2023-12-15 16:01:19,963 - INFO - Data received: 690:425
2023-12-15 16:01:19,979 - INFO - Data received: 695:430
2023-12-15 16:01:19,995 - INFO - Data received: 700:435
2023-12-15 16:01:20,012 - INFO - Data received: 705:440
2023-12-15 16:01:20,028 - INFO - Data received: 710:445
2023-12-15 16:01:20,045 - INFO - Data received: 715:450
2023-12-15 16:01:20,060 - INFO - Data received: 720:455
2023-12-15 16:01:20,077 - INFO - Data received: 725:460
2023-12-15 16:01:20,093 - INFO - Data received: 730:465
2023-12-15 16:01:20,110 - INFO - Data received: 735:470
2023-12-15 16:01:20,127 - INFO - Data received: 740:475
2023-12-15 16:01:20,142 - INFO - Data received: 745:480
2023-12-15 16:01:20,158 - INFO - Data received: 750:485
2023-12-15 16:01:20,174 - INFO - Data received: 755:490
2023-12-15 16:01:20,190 - INFO - Data received: 760:495
2023-12-15 16:01:20,206 - INFO - Data received: 765:500
2023-12-15 16:01:20,222 - INFO - Data received: 770:505
2023-12-15 16:01:20,238 - INFO - Data received: 775:510
2023-12-15 16:01:20,254 - INFO - Data received: 780:515
2023-12-15 16:01:20,272 - INFO - Data received: 775:520
2023-12-15 16:01:20,287 - INFO - Data received: 770:525
2023-12-15 16:01:20,303 - INFO - Data received: 765:530
2023-12-15 16:01:20,319 - INFO - Data received: 760:530
2023-12-15 16:01:23,230 - INFO - Client shutdown initiated
2023-12-15 16:01:23,231 - INFO - Player position saved
2023-12-15 16:01:23,341 - INFO - Client successfully closed
2023-12-15 16:01:23,341 - ERROR - Error in receiving data: [Errno 9] Bad file descriptor
2023-12-15 16:01:42,813 - INFO - Player position loaded
2023-12-15 16:01:42,814 - INFO - Connected to server at 127.0.0.1:33123
2023-12-15 16:03:10,978 - INFO - Player position loaded
2023-12-15 16:03:10,979 - INFO - Connected to server at 127.0.0.1:33123
2023-12-15 16:03:15,450 - INFO - Data received: 400:295
2023-12-15 16:03:15,450 - INFO - Data received: 400:290
2023-12-15 16:03:15,466 - INFO - Data received: 400:285
2023-12-15 16:03:15,482 - INFO - Data received: 400:280
2023-12-15 16:03:15,499 - INFO - Data received: 400:275
2023-12-15 16:03:15,516 - INFO - Data received: 400:270
2023-12-15 16:03:15,531 - INFO - Data received: 400:265
2023-12-15 16:03:15,547 - INFO - Data received: 400:260
2023-12-15 16:03:15,563 - INFO - Data received: 400:255
2023-12-15 16:03:15,579 - INFO - Data received: 400:250
2023-12-15 16:03:15,595 - INFO - Data received: 400:245
2023-12-15 16:03:15,612 - INFO - Data received: 400:240
2023-12-15 16:03:15,629 - INFO - Data received: 400:235
2023-12-15 16:03:15,647 - INFO - Data received: 405:230
2023-12-15 16:03:15,663 - INFO - Data received: 410:230
2023-12-15 16:03:15,679 - INFO - Data received: 415:230
2023-12-15 16:03:15,696 - INFO - Data received: 420:230
2023-12-15 16:03:15,712 - INFO - Data received: 425:230
2023-12-15 16:03:15,728 - INFO - Data received: 430:230
2023-12-15 16:03:15,744 - INFO - Data received: 435:230
2023-12-15 16:03:15,760 - INFO - Data received: 440:230
2023-12-15 16:03:15,776 - INFO - Data received: 445:230
2023-12-15 16:03:15,792 - INFO - Data received: 450:230
2023-12-15 16:03:15,808 - INFO - Data received: 455:230
2023-12-15 16:03:15,824 - INFO - Data received: 460:230
2023-12-15 16:03:15,841 - INFO - Data received: 465:230
2023-12-15 16:03:15,858 - INFO - Data received: 470:230
2023-12-15 16:03:15,874 - INFO - Data received: 475:230
2023-12-15 16:03:15,891 - INFO - Data received: 480:230
2023-12-15 16:03:15,906 - INFO - Data received: 485:230
2023-12-15 16:03:15,922 - INFO - Data received: 490:230
2023-12-15 16:03:15,939 - INFO - Data received: 495:230
2023-12-15 16:03:15,954 - INFO - Data received: 500:230
2023-12-15 16:03:15,970 - INFO - Data received: 505:230
2023-12-15 16:03:15,987 - INFO - Data received: 510:230
2023-12-15 16:03:16,003 - INFO - Data received: 515:230
2023-12-15 16:03:16,020 - INFO - Data received: 520:230
2023-12-15 16:03:16,036 - INFO - Data received: 525:230
2023-12-15 16:03:16,052 - INFO - Data received: 530:230
2023-12-15 16:03:16,069 - INFO - Data received: 535:230
2023-12-15 16:03:16,085 - INFO - Data received: 540:230
2023-12-15 16:03:16,100 - INFO - Data received: 545:230
2023-12-15 16:03:16,117 - INFO - Data received: 550:235
2023-12-15 16:03:16,132 - INFO - Data received: 555:240
2023-12-15 16:03:16,148 - INFO - Data received: 560:245
2023-12-15 16:03:16,165 - INFO - Data received: 565:250
2023-12-15 16:03:16,181 - INFO - Data received: 570:255
2023-12-15 16:03:16,198 - INFO - Data received: 575:260
2023-12-15 16:03:16,214 - INFO - Data received: 580:265
2023-12-15 16:03:16,230 - INFO - Data received: 585:270
2023-12-15 16:03:16,246 - INFO - Data received: 590:275
2023-12-15 16:03:16,262 - INFO - Data received: 595:280
2023-12-15 16:03:16,278 - INFO - Data received: 600:285
2023-12-15 16:03:16,294 - INFO - Data received: 605:290
2023-12-15 16:03:16,311 - INFO - Data received: 610:295
2023-12-15 16:03:16,328 - INFO - Data received: 615:300
2023-12-15 16:03:16,343 - INFO - Data received: 620:305
2023-12-15 16:03:16,360 - INFO - Data received: 625:310
2023-12-15 16:03:16,378 - INFO - Data received: 630:315
2023-12-15 16:03:16,394 - INFO - Data received: 635:320
2023-12-15 16:03:16,409 - INFO - Data received: 640:325
2023-12-15 16:03:16,429 - INFO - Data received: 645:330
2023-12-15 16:03:16,442 - INFO - Data received: 650:335
2023-12-15 16:03:16,458 - INFO - Data received: 655:340
2023-12-15 16:03:16,473 - INFO - Data received: 660:345
2023-12-15 16:03:16,490 - INFO - Data received: 665:350
2023-12-15 16:03:16,506 - INFO - Data received: 670:355
2023-12-15 16:03:16,522 - INFO - Data received: 670:360
2023-12-15 16:03:16,538 - INFO - Data received: 670:365
2023-12-15 16:03:16,554 - INFO - Data received: 670:370
2023-12-15 16:03:16,571 - INFO - Data received: 670:375
2023-12-15 16:03:16,588 - INFO - Data received: 670:380
2023-12-15 16:03:16,604 - INFO - Data received: 670:385
2023-12-15 16:03:16,620 - INFO - Data received: 670:390
2023-12-15 16:03:16,636 - INFO - Data received: 670:395
2023-12-15 16:03:16,653 - INFO - Data received: 670:400
2023-12-15 16:03:16,670 - INFO - Data received: 670:405
2023-12-15 16:03:16,686 - INFO - Data received: 670:410
2023-12-15 16:03:16,702 - INFO - Data received: 670:415
2023-12-15 16:03:16,719 - INFO - Data received: 665:420
2023-12-15 16:03:16,735 - INFO - Data received: 660:425
2023-12-15 16:03:16,751 - INFO - Data received: 655:430
2023-12-15 16:03:16,768 - INFO - Data received: 650:430
2023-12-15 16:03:16,784 - INFO - Data received: 645:430
2023-12-15 16:03:16,801 - INFO - Data received: 640:430
2023-12-15 16:03:16,818 - INFO - Data received: 635:430
2023-12-15 16:03:16,834 - INFO - Data received: 630:430
2023-12-15 16:03:16,850 - INFO - Data received: 625:430
2023-12-15 16:03:16,867 - INFO - Data received: 620:430
2023-12-15 16:03:16,884 - INFO - Data received: 615:430
2023-12-15 16:03:16,900 - INFO - Data received: 610:430
2023-12-15 16:03:16,916 - INFO - Data received: 605:430
2023-12-15 16:03:16,933 - INFO - Data received: 600:430
2023-12-15 16:03:16,949 - INFO - Data received: 595:430
2023-12-15 16:03:16,965 - INFO - Data received: 590:430
2023-12-15 16:03:16,981 - INFO - Data received: 585:430
2023-12-15 16:03:16,997 - INFO - Data received: 580:430
2023-12-15 16:03:17,014 - INFO - Data received: 575:430
2023-12-15 16:03:17,030 - INFO - Data received: 570:430
2023-12-15 16:03:17,048 - INFO - Data received: 565:430
2023-12-15 16:03:17,073 - INFO - Data received: 560:430
2023-12-15 16:03:17,082 - INFO - Data received: 555:430
2023-12-15 16:03:17,096 - INFO - Data received: 550:430
2023-12-15 16:03:17,113 - INFO - Data received: 545:430
2023-12-15 16:03:17,130 - INFO - Data received: 540:430
2023-12-15 16:03:17,148 - INFO - Data received: 535:430
2023-12-15 16:03:17,163 - INFO - Data received: 530:430
2023-12-15 16:03:17,179 - INFO - Data received: 525:430
2023-12-15 16:03:17,195 - INFO - Data received: 520:430
2023-12-15 16:03:17,211 - INFO - Data received: 515:430
2023-12-15 16:03:17,228 - INFO - Data received: 510:430
2023-12-15 16:03:17,244 - INFO - Data received: 505:430
2023-12-15 16:03:17,260 - INFO - Data received: 500:430
2023-12-15 16:03:17,276 - INFO - Data received: 495:430
2023-12-15 16:03:17,293 - INFO - Data received: 490:430
2023-12-15 16:03:17,309 - INFO - Data received: 485:430
2023-12-15 16:03:17,325 - INFO - Data received: 480:435
2023-12-15 16:03:17,341 - INFO - Data received: 475:440
2023-12-15 16:03:17,357 - INFO - Data received: 470:445
2023-12-15 16:03:17,374 - INFO - Data received: 465:450
2023-12-15 16:03:17,390 - INFO - Data received: 460:455
2023-12-15 16:03:17,405 - INFO - Data received: 455:460
2023-12-15 16:03:17,421 - INFO - Data received: 450:465
2023-12-15 16:03:17,437 - INFO - Data received: 445:470
2023-12-15 16:03:17,454 - INFO - Data received: 440:475
2023-12-15 16:03:17,470 - INFO - Data received: 435:480
2023-12-15 16:03:17,486 - INFO - Data received: 430:485
2023-12-15 16:03:17,502 - INFO - Data received: 425:490
2023-12-15 16:03:17,518 - INFO - Data received: 420:495
2023-12-15 16:03:17,533 - INFO - Data received: 415:500
2023-12-15 16:03:17,550 - INFO - Data received: 410:500
2023-12-15 16:03:17,566 - INFO - Data received: 405:500
2023-12-15 16:03:17,581 - INFO - Data received: 400:500
2023-12-15 16:03:17,598 - INFO - Data received: 395:500
2023-12-15 16:03:17,613 - INFO - Data received: 390:500
2023-12-15 16:03:17,629 - INFO - Data received: 385:500
2023-12-15 16:03:17,645 - INFO - Data received: 380:500
2023-12-15 16:03:17,662 - INFO - Data received: 375:500
2023-12-15 16:03:17,679 - INFO - Data received: 370:500
2023-12-15 16:03:17,695 - INFO - Data received: 365:500
2023-12-15 16:03:17,712 - INFO - Data received: 360:500
2023-12-15 16:03:17,730 - INFO - Data received: 355:500
2023-12-15 16:03:17,746 - INFO - Data received: 350:500
2023-12-15 16:03:17,763 - INFO - Data received: 345:500
2023-12-15 16:03:17,780 - INFO - Data received: 340:500
2023-12-15 16:03:17,795 - INFO - Data received: 335:500
2023-12-15 16:03:17,812 - INFO - Data received: 330:500
2023-12-15 16:03:17,829 - INFO - Data received: 325:500
2023-12-15 16:03:17,846 - INFO - Data received: 320:500
2023-12-15 16:03:17,861 - INFO - Data received: 315:500
2023-12-15 16:03:17,877 - INFO - Data received: 310:500
2023-12-15 16:03:17,894 - INFO - Data received: 305:500
2023-12-15 16:03:17,910 - INFO - Data received: 300:500
2023-12-15 16:03:17,927 - INFO - Data received: 295:500
2023-12-15 16:03:17,943 - INFO - Data received: 290:500
2023-12-15 16:03:17,959 - INFO - Data received: 285:500
2023-12-15 16:03:17,974 - INFO - Data received: 280:500
2023-12-15 16:03:17,990 - INFO - Data received: 275:500
2023-12-15 16:03:18,006 - INFO - Data received: 270:500
2023-12-15 16:03:18,023 - INFO - Data received: 265:500
2023-12-15 16:03:18,039 - INFO - Data received: 260:500
2023-12-15 16:03:18,056 - INFO - Data received: 255:500
2023-12-15 16:03:18,073 - INFO - Data received: 250:500
2023-12-15 16:03:18,089 - INFO - Data received: 245:500
2023-12-15 16:03:18,106 - INFO - Data received: 240:500
2023-12-15 16:03:18,121 - INFO - Data received: 235:500
2023-12-15 16:03:18,138 - INFO - Data received: 230:500
2023-12-15 16:03:18,153 - INFO - Data received: 225:500
2023-12-15 16:03:18,169 - INFO - Data received: 220:500
2023-12-15 16:03:18,185 - INFO - Data received: 215:500
2023-12-15 16:03:18,201 - INFO - Data received: 210:500
2023-12-15 16:03:18,218 - INFO - Data received: 205:500
2023-12-15 16:03:18,235 - INFO - Data received: 200:500
2023-12-15 16:03:18,250 - INFO - Data received: 195:500
2023-12-15 16:03:18,266 - INFO - Data received: 190:500
2023-12-15 16:03:18,282 - INFO - Data received: 185:500
2023-12-15 16:03:18,298 - INFO - Data received: 180:500
2023-12-15 16:03:27,950 - INFO - Client shutdown initiated
2023-12-15 16:03:27,951 - INFO - Player position saved
2023-12-15 16:03:28,055 - ERROR - Error in receiving data: [Errno 9] Bad file descriptor
2023-12-15 16:03:28,055 - INFO - Client successfully closed
